2024-04-05 22:16:36.739 [info] Log level: Info
2024-04-05 22:16:36.739 [info] Validating found git in: "git"
2024-04-05 22:16:36.739 [info] Using git "2.34.1" from "git"
2024-04-05 22:16:36.739 [info] > git rev-parse --show-toplevel [202ms]
2024-04-05 22:16:36.743 [info] > git rev-parse --git-dir --git-common-dir [11ms]
2024-04-05 22:16:36.821 [info] Open repository: /home/ubuntu/mini_pupper_bsp
2024-04-05 22:16:36.892 [info] > git rev-parse --show-toplevel [10ms]
2024-04-05 22:16:36.897 [info] > git config --get commit.template [38ms]
2024-04-05 22:16:36.963 [info] > git rev-parse --show-toplevel [41ms]
2024-04-05 22:16:36.993 [info] > git for-each-ref --format=%(refname)%00%(upstream:short)%00%(objectname)%00%(upstream:track)%00%(upstream:remotename)%00%(upstream:remoteref) refs/heads/main refs/remotes/main [36ms]
2024-04-05 22:16:36.997 [info] > git rev-parse --show-toplevel [9ms]
2024-04-05 22:16:37.020 [warning] ENOENT: no such file or directory, open '/home/ubuntu/mini_pupper_bsp/.git/refs/remotes/origin/main'
2024-04-05 22:16:37.049 [info] > git rev-parse refs/remotes/origin/main [29ms]
2024-04-05 22:16:37.080 [info] > git rev-parse --show-toplevel [35ms]
2024-04-05 22:16:37.110 [info] > git status -z -uall [36ms]
2024-04-05 22:16:37.200 [info] > git merge-base refs/heads/main refs/remotes/origin/main [58ms]
2024-04-05 22:16:37.230 [info] > git rev-parse --show-toplevel [124ms]
2024-04-05 22:16:37.426 [info] > git rev-list --count --left-right refs/heads/main...refs/remotes/origin/main [199ms]
2024-04-05 22:16:37.456 [info] > git config --get commit.template [257ms]
2024-04-05 22:16:37.461 [info] > git diff --name-status -z --diff-filter=ADMR 9bc10e3da75ef7142847de522837cee101899f26...refs/remotes/origin/main [9ms]
2024-04-05 22:16:37.465 [info] > git rev-parse --show-toplevel [48ms]
2024-04-05 22:16:37.516 [info] > git for-each-ref --format=%(refname)%00%(upstream:short)%00%(objectname)%00%(upstream:track)%00%(upstream:remotename)%00%(upstream:remoteref) refs/heads/main refs/remotes/main [27ms]
2024-04-05 22:16:37.519 [info] > git rev-parse --show-toplevel [7ms]
2024-04-05 22:16:37.542 [warning] ENOENT: no such file or directory, open '/home/ubuntu/mini_pupper_bsp/.git/refs/remotes/origin/main'
2024-04-05 22:16:37.570 [info] > git rev-parse refs/remotes/origin/main [28ms]
2024-04-05 22:16:37.600 [info] > git rev-parse --show-toplevel [34ms]
2024-04-05 22:16:37.628 [info] > git status -z -uall [35ms]
2024-04-05 22:16:37.646 [info] > git rev-parse --show-toplevel [20ms]
2024-04-05 22:16:37.674 [info] > git rev-parse --show-toplevel [5ms]
2024-04-05 22:16:37.707 [info] > git rev-parse --show-toplevel [8ms]
2024-04-05 22:16:37.745 [info] > git rev-parse --show-toplevel [15ms]
2024-04-05 22:16:37.775 [info] > git rev-parse --show-toplevel [6ms]
2024-04-05 22:16:37.807 [info] > git rev-parse --show-toplevel [5ms]
2024-04-05 22:16:42.627 [info] > git check-ignore -v -z --stdin [9ms]
2024-04-05 22:16:44.332 [info] > git show --textconv :Python_Module/MangDang/mini_pupper/display_only.py [30ms]
2024-04-05 22:16:44.337 [info] > git ls-files --stage -- /home/ubuntu/mini_pupper_bsp/Python_Module/MangDang/mini_pupper/display_only.py [9ms]
