2024-04-05 22:02:24.030 [info] Log level: Info
2024-04-05 22:02:24.031 [info] Validating found git in: "git"
2024-04-05 22:02:24.031 [info] Using git "2.34.1" from "git"
2024-04-05 22:02:24.070 [info] > git rev-parse --show-toplevel [35ms]
2024-04-05 22:02:24.153 [info] > git rev-parse --git-dir --git-common-dir [11ms]
2024-04-05 22:02:24.235 [info] Open repository: /home/ubuntu/mini_pupper_bsp
2024-04-05 22:02:24.330 [info] > git rev-parse --show-toplevel [28ms]
2024-04-05 22:02:24.333 [info] > git config --get commit.template [58ms]
2024-04-05 22:02:24.412 [info] > git rev-parse --show-toplevel [40ms]
2024-04-05 22:02:24.442 [info] > git for-each-ref --format=%(refname)%00%(upstream:short)%00%(objectname)%00%(upstream:track)%00%(upstream:remotename)%00%(upstream:remoteref) refs/heads/main refs/remotes/main [38ms]
2024-04-05 22:02:24.471 [warning] ENOENT: no such file or directory, open '/home/ubuntu/mini_pupper_bsp/.git/refs/remotes/origin/main'
2024-04-05 22:02:24.472 [info] > git rev-parse --show-toplevel [33ms]
2024-04-05 22:02:24.504 [info] > git rev-parse refs/remotes/origin/main [35ms]
2024-04-05 22:02:24.540 [info] > git rev-parse --show-toplevel [40ms]
2024-04-05 22:02:24.565 [info] > git status -z -uall [31ms]
2024-04-05 22:02:24.665 [info] > git merge-base refs/heads/main refs/remotes/origin/main [69ms]
2024-04-05 22:02:24.692 [info] > git rev-parse --show-toplevel [131ms]
2024-04-05 22:02:24.773 [info] > git rev-list --count --left-right refs/heads/main...refs/remotes/origin/main [83ms]
2024-04-05 22:02:24.801 [info] > git config --get commit.template [152ms]
2024-04-05 22:02:24.806 [info] > git diff --name-status -z --diff-filter=ADMR 9bc10e3da75ef7142847de522837cee101899f26...refs/remotes/origin/main [8ms]
2024-04-05 22:02:24.810 [info] > git rev-parse --show-toplevel [40ms]
2024-04-05 22:02:24.890 [info] > git check-ignore -v -z --stdin [7ms]
2024-04-05 22:02:24.894 [info] > git rev-parse --show-toplevel [39ms]
2024-04-05 22:02:24.895 [info] > git for-each-ref --format=%(refname)%00%(upstream:short)%00%(objectname)%00%(upstream:track)%00%(upstream:remotename)%00%(upstream:remoteref) refs/heads/main refs/remotes/main [63ms]
2024-04-05 22:02:24.939 [warning] ENOENT: no such file or directory, open '/home/ubuntu/mini_pupper_bsp/.git/refs/remotes/origin/main'
2024-04-05 22:02:24.944 [info] > git rev-parse --show-toplevel [26ms]
2024-04-05 22:02:24.946 [info] > git rev-parse refs/remotes/origin/main [7ms]
2024-04-05 22:02:24.992 [info] > git status -z -uall [24ms]
2024-04-05 22:02:25.005 [info] > git rev-parse --show-toplevel [15ms]
2024-04-05 22:02:25.035 [info] > git rev-parse --show-toplevel [8ms]
2024-04-05 22:02:25.061 [info] > git rev-parse --show-toplevel [4ms]
2024-04-05 22:02:25.088 [info] > git rev-parse --show-toplevel [5ms]
2024-04-05 22:02:25.121 [info] > git rev-parse --show-toplevel [10ms]
2024-04-05 22:02:25.146 [info] > git rev-parse --show-toplevel [4ms]
2024-04-05 22:02:25.847 [info] > git check-ignore -v -z --stdin [6ms]
2024-04-05 22:02:30.622 [info] > git check-ignore -v -z --stdin [5ms]
2024-04-05 22:02:32.187 [info] > git check-ignore -v -z --stdin [8ms]
2024-04-05 22:02:39.806 [info] > git show --textconv :Python_Module/MangDang/mini_pupper/display_only.py [35ms]
2024-04-05 22:02:39.807 [info] > git ls-files --stage -- /home/ubuntu/mini_pupper_bsp/Python_Module/MangDang/mini_pupper/display_only.py [6ms]
2024-04-05 22:03:02.715 [info] > git show --textconv :Python_Module/MangDang/mini_pupper/display_only.py [47ms]
2024-04-05 22:03:02.721 [info] > git ls-files --stage -- /home/ubuntu/mini_pupper_bsp/Python_Module/MangDang/mini_pupper/display_only.py [12ms]
2024-04-05 22:03:40.438 [info] > git show --textconv :Python_Module/MangDang/mini_pupper/display_only.py [31ms]
2024-04-05 22:03:40.446 [info] > git ls-files --stage -- /home/ubuntu/mini_pupper_bsp/Python_Module/MangDang/mini_pupper/display_only.py [13ms]
2024-04-05 22:04:42.704 [info] > git check-ignore -v -z --stdin [6ms]
