2024-04-05 22:11:23.982 [info] Log level: Info
2024-04-05 22:11:23.982 [info] Validating found git in: "git"
2024-04-05 22:11:23.982 [info] Using git "2.34.1" from "git"
2024-04-05 22:11:23.982 [info] > git rev-parse --show-toplevel [61ms]
2024-04-05 22:11:23.982 [info] > git rev-parse --git-dir --git-common-dir [106ms]
2024-04-05 22:11:23.982 [info] Open repository: /home/ubuntu/mini_pupper_bsp
2024-04-05 22:11:24.136 [info] > git rev-parse --show-toplevel [77ms]
2024-04-05 22:11:24.141 [info] > git config --get commit.template [114ms]
2024-04-05 22:11:24.328 [info] > git rev-parse --git-dir --git-common-dir [129ms]
2024-04-05 22:11:24.354 [info] Open repository: /home/ubuntu/mini_pupper_bsp/Python_Module/MangDang/mini_pupper
2024-04-05 22:11:24.443 [info] > git for-each-ref --format=%(refname)%00%(upstream:short)%00%(objectname)%00%(upstream:track)%00%(upstream:remotename)%00%(upstream:remoteref) refs/heads/main refs/remotes/main [127ms]
2024-04-05 22:11:24.508 [warning] ENOENT: no such file or directory, open '/home/ubuntu/mini_pupper_bsp/.git/refs/remotes/origin/main'
2024-04-05 22:11:24.529 [info] > git rev-parse --show-toplevel [91ms]
2024-04-05 22:11:24.532 [info] > git config --get commit.template [131ms]
2024-04-05 22:11:24.720 [info] > git rev-parse refs/remotes/origin/main [212ms]
2024-04-05 22:11:24.810 [info] No remotes found in the git config file.
2024-04-05 22:11:24.902 [info] > git status -z -uall [144ms]
2024-04-05 22:11:24.905 [info] > git rev-parse --show-toplevel [202ms]
2024-04-05 22:11:24.984 [info] > git for-each-ref --format=%(refname)%00%(upstream:short)%00%(objectname)%00%(upstream:track)%00%(upstream:remotename)%00%(upstream:remoteref) refs/heads/master refs/remotes/master [175ms]
2024-04-05 22:11:24.985 [warning] No such branch: master.
2024-04-05 22:11:25.356 [info] > git status -z -uall [260ms]
2024-04-05 22:11:25.358 [info] > git check-ignore -v -z --stdin [129ms]
2024-04-05 22:11:25.364 [info] > git check-ignore -v -z --stdin [96ms]
2024-04-05 22:11:25.372 [info] > git merge-base refs/heads/main refs/remotes/origin/main [223ms]
2024-04-05 22:11:25.456 [info] > git rev-parse --show-toplevel [488ms]
2024-04-05 22:11:25.761 [info] > git rev-list --count --left-right refs/heads/main...refs/remotes/origin/main [348ms]
2024-04-05 22:11:25.799 [info] > git config --get commit.template [480ms]
2024-04-05 22:11:25.835 [info] > git diff --name-status -z --diff-filter=ADMR 9bc10e3da75ef7142847de522837cee101899f26...refs/remotes/origin/main [39ms]
2024-04-05 22:11:25.837 [info] > git rev-parse --show-toplevel [92ms]
2024-04-05 22:11:25.840 [info] > git config --get commit.template [129ms]
2024-04-05 22:11:25.953 [info] No remotes found in the git config file.
2024-04-05 22:11:25.966 [info] > git for-each-ref --format=%(refname)%00%(upstream:short)%00%(objectname)%00%(upstream:track)%00%(upstream:remotename)%00%(upstream:remoteref) refs/heads/main refs/remotes/main [91ms]
2024-04-05 22:11:26.035 [info] > git for-each-ref --format=%(refname)%00%(upstream:short)%00%(objectname)%00%(upstream:track)%00%(upstream:remotename)%00%(upstream:remoteref) refs/heads/master refs/remotes/master [83ms]
2024-04-05 22:11:26.036 [warning] No such branch: master.
2024-04-05 22:11:26.077 [info] > git rev-parse --show-toplevel [163ms]
2024-04-05 22:11:26.138 [warning] ENOENT: no such file or directory, open '/home/ubuntu/mini_pupper_bsp/.git/refs/remotes/origin/main'
2024-04-05 22:11:26.193 [info] > git status -z -uall [120ms]
2024-04-05 22:11:26.208 [info] > git rev-parse --show-toplevel [21ms]
2024-04-05 22:11:26.210 [info] > git rev-parse refs/remotes/origin/main [72ms]
2024-04-05 22:11:26.357 [info] > git status -z -uall [111ms]
2024-04-05 22:11:26.359 [info] > git rev-parse --show-toplevel [64ms]
2024-04-05 22:11:26.450 [info] > git rev-parse --show-toplevel [17ms]
2024-04-05 22:11:26.704 [info] > git rev-parse --show-toplevel [199ms]
2024-04-05 22:11:26.771 [info] > git rev-parse --show-toplevel [26ms]
2024-04-05 22:11:26.819 [info] > git rev-parse --show-toplevel [7ms]
2024-04-05 22:11:26.876 [info] > git rev-parse --show-toplevel [8ms]
2024-04-05 22:11:26.931 [info] > git rev-parse --show-toplevel [7ms]
2024-04-05 22:11:26.980 [info] > git rev-parse --show-toplevel [8ms]
2024-04-05 22:11:27.079 [info] > git show --textconv :display_only.py [47ms]
2024-04-05 22:11:27.086 [info] > git ls-files --stage -- /home/ubuntu/mini_pupper_bsp/Python_Module/MangDang/mini_pupper/display_only.py [11ms]
2024-04-05 22:12:57.616 [info] No remotes found in the git config file.
2024-04-05 22:12:57.621 [info] > git config --get commit.template [37ms]
2024-04-05 22:12:57.623 [info] > git for-each-ref --format=%(refname)%00%(upstream:short)%00%(objectname)%00%(upstream:track)%00%(upstream:remotename)%00%(upstream:remoteref) refs/heads/master refs/remotes/master [8ms]
2024-04-05 22:12:57.623 [warning] No such branch: master.
2024-04-05 22:12:57.727 [info] > git ls-files --stage -- /home/ubuntu/mini_pupper_bsp/Python_Module/MangDang/mini_pupper/display_only.py [15ms]
2024-04-05 22:12:57.775 [info] > git cat-file -s c54bfb198e0b3d3856efe16362ae77a0b25c3a7a [15ms]
2024-04-05 22:12:57.845 [info] > git show --textconv :display_only.py [19ms]
2024-04-05 22:12:57.883 [info] > git status -z -uall [228ms]
