2024-04-05 22:07:35.565 [info] Log level: Info
2024-04-05 22:07:35.565 [info] Validating found git in: "git"
2024-04-05 22:07:35.565 [info] Using git "2.34.1" from "git"
2024-04-05 22:07:35.565 [info] > git rev-parse --show-toplevel [194ms]
2024-04-05 22:07:35.565 [info] > git rev-parse --git-dir --git-common-dir [23ms]
2024-04-05 22:07:35.565 [info] Open repository: /home/ubuntu
2024-04-05 22:07:35.600 [info] > git config --get commit.template [81ms]
2024-04-05 22:07:35.609 [info] > git rev-parse --show-toplevel [57ms]
2024-04-05 22:07:35.707 [info] > git rev-parse --show-toplevel [25ms]
2024-04-05 22:07:35.708 [info] > git for-each-ref --format=%(refname)%00%(upstream:short)%00%(objectname)%00%(upstream:track)%00%(upstream:remotename)%00%(upstream:remoteref) refs/heads/main refs/remotes/main [63ms]
2024-04-05 22:07:35.748 [info] > git rev-parse --show-toplevel [7ms]
2024-04-05 22:07:35.817 [info] > git rev-parse --show-toplevel [37ms]
2024-04-05 22:07:35.852 [info] > git rev-parse --show-toplevel [5ms]
2024-04-05 22:07:35.891 [info] > git rev-parse --show-toplevel [10ms]
2024-04-05 22:07:35.939 [info] > git rev-parse --git-dir --git-common-dir [8ms]
2024-04-05 22:07:35.968 [info] Open repository: /home/ubuntu/PS4Joystick
2024-04-05 22:07:36.032 [info] > git config --get commit.template [29ms]
2024-04-05 22:07:36.070 [info] > git rev-parse --show-toplevel [45ms]
2024-04-05 22:07:36.135 [info] > git rev-parse --git-dir --git-common-dir [33ms]
2024-04-05 22:07:36.158 [info] Open repository: /home/ubuntu/PupperCommand
2024-04-05 22:07:36.164 [info] > git for-each-ref --format=%(refname)%00%(upstream:short)%00%(objectname)%00%(upstream:track)%00%(upstream:remotename)%00%(upstream:remoteref) refs/heads/master refs/remotes/master [99ms]
2024-04-05 22:07:36.253 [warning] ENOENT: no such file or directory, open '/home/ubuntu/PS4Joystick/.git/refs/remotes/origin/master'
2024-04-05 22:07:36.263 [info] > git rev-parse --show-toplevel [35ms]
2024-04-05 22:07:36.264 [info] > git config --get commit.template [73ms]
2024-04-05 22:07:36.310 [info] > git rev-parse refs/remotes/origin/master [57ms]
2024-04-05 22:07:36.411 [info] > git status -z -uall [74ms]
2024-04-05 22:07:36.412 [info] > git rev-parse --git-dir --git-common-dir [118ms]
2024-04-05 22:07:36.447 [info] Open repository: /home/ubuntu/StanfordQuadruped
2024-04-05 22:07:36.540 [info] > git for-each-ref --format=%(refname)%00%(upstream:short)%00%(objectname)%00%(upstream:track)%00%(upstream:remotename)%00%(upstream:remoteref) refs/heads/master refs/remotes/master [172ms]
2024-04-05 22:07:36.663 [warning] ENOENT: no such file or directory, open '/home/ubuntu/PupperCommand/.git/refs/remotes/origin/master'
2024-04-05 22:07:36.716 [info] > git merge-base refs/heads/master refs/remotes/origin/master [123ms]
2024-04-05 22:07:36.763 [info] > git rev-parse --show-toplevel [230ms]
2024-04-05 22:07:36.764 [info] > git config --get commit.template [271ms]
2024-04-05 22:07:36.822 [info] > git rev-list --count --left-right refs/heads/master...refs/remotes/origin/master [61ms]
2024-04-05 22:07:36.853 [info] > git config --get commit.template [162ms]
2024-04-05 22:07:36.854 [info] > git rev-parse refs/remotes/origin/master [191ms]
2024-04-05 22:07:36.963 [info] > git status -z -uall [1150ms] (cancelled)
2024-04-05 22:07:36.963 [info] > git status -z -uall [83ms]
2024-04-05 22:07:36.964 [info] > git diff --name-status -z --diff-filter=ADMR defa868598cc91924683d328a1da1856bf9f0791...refs/remotes/origin/master [113ms]
2024-04-05 22:07:36.966 [info] > git rev-parse --git-dir --git-common-dir [166ms]
2024-04-05 22:07:36.985 [info] Open repository: /home/ubuntu/UDPComms
2024-04-05 22:07:37.108 [info] > git for-each-ref --format=%(refname)%00%(upstream:short)%00%(objectname)%00%(upstream:track)%00%(upstream:remotename)%00%(upstream:remoteref) refs/heads/mini_pupper refs/remotes/mini_pupper [196ms]
2024-04-05 22:07:37.188 [warning] ENOENT: no such file or directory, open '/home/ubuntu/StanfordQuadruped/.git/refs/remotes/origin/mini_pupper'
2024-04-05 22:07:37.245 [info] > git merge-base refs/heads/master refs/remotes/origin/master [104ms]
2024-04-05 22:07:37.273 [info] > git rev-parse --show-toplevel [195ms]
2024-04-05 22:07:37.275 [info] > git config --get commit.template [223ms]
2024-04-05 22:07:37.276 [info] > git for-each-ref --format=%(refname)%00%(upstream:short)%00%(objectname)%00%(upstream:track)%00%(upstream:remotename)%00%(upstream:remoteref) refs/heads/master refs/remotes/master [261ms]
2024-04-05 22:07:37.333 [warning] ENOENT: no such file or directory, open '/home/ubuntu/PS4Joystick/.git/refs/remotes/origin/master'
2024-04-05 22:07:37.342 [info] > git rev-list --count --left-right refs/heads/master...refs/remotes/origin/master [68ms]
2024-04-05 22:07:37.375 [info] > git config --get commit.template [159ms]
2024-04-05 22:07:37.377 [info] > git rev-parse refs/remotes/origin/mini_pupper [189ms]
2024-04-05 22:07:37.435 [info] > git status -z -uall [32ms]
2024-04-05 22:07:37.436 [info] > git diff --name-status -z --diff-filter=ADMR 4b7b3dfd50cc0e66d0e815114c1b6b01a7aa1183...refs/remotes/origin/master [63ms]
2024-04-05 22:07:37.438 [info] > git rev-parse refs/remotes/origin/master [105ms]
2024-04-05 22:07:37.466 [info] > git rev-parse --git-dir --git-common-dir [158ms]
2024-04-05 22:07:37.485 [info] Open repository: /home/ubuntu/mini_pupper_bsp
2024-04-05 22:07:37.590 [info] > git status -z -uall [125ms]
2024-04-05 22:07:37.603 [info] > git for-each-ref --format=%(refname)%00%(upstream:short)%00%(objectname)%00%(upstream:track)%00%(upstream:remotename)%00%(upstream:remoteref) refs/heads/master refs/remotes/master [172ms]
2024-04-05 22:07:37.692 [warning] ENOENT: no such file or directory, open '/home/ubuntu/UDPComms/.git/refs/remotes/origin/master'
2024-04-05 22:07:37.724 [info] > git merge-base refs/heads/mini_pupper refs/remotes/origin/mini_pupper [81ms]
2024-04-05 22:07:37.757 [info] > git rev-parse --show-toplevel [187ms]
2024-04-05 22:07:37.760 [info] > git config --get commit.template [218ms]
2024-04-05 22:07:37.761 [info] > git for-each-ref --format=%(refname)%00%(upstream:short)%00%(objectname)%00%(upstream:track)%00%(upstream:remotename)%00%(upstream:remoteref) refs/heads/master refs/remotes/master [247ms]
2024-04-05 22:07:37.867 [warning] ENOENT: no such file or directory, open '/home/ubuntu/PupperCommand/.git/refs/remotes/origin/master'
2024-04-05 22:07:37.880 [info] > git rev-list --count --left-right refs/heads/mini_pupper...refs/remotes/origin/mini_pupper [125ms]
2024-04-05 22:07:37.912 [info] > git config --get commit.template [192ms]
2024-04-05 22:07:37.913 [info] > git rev-parse refs/remotes/origin/master [222ms]
2024-04-05 22:07:37.980 [info] > git status -z -uall [39ms]
2024-04-05 22:07:37.981 [info] > git diff --name-status -z --diff-filter=ADMR 3b6746cc1097c0738e7068e8304b0e10865b0664...refs/remotes/origin/mini_pupper [71ms]
2024-04-05 22:07:37.984 [info] > git rev-parse refs/remotes/origin/master [117ms]
2024-04-05 22:07:38.012 [info] > git rev-parse --git-dir --git-common-dir [176ms]
2024-04-05 22:07:38.028 [info] Open repository: /home/ubuntu/mini_pupper_web_controller
2024-04-05 22:07:38.097 [info] > git status -z -uall [87ms]
2024-04-05 22:07:38.107 [info] > git for-each-ref --format=%(refname)%00%(upstream:short)%00%(objectname)%00%(upstream:track)%00%(upstream:remotename)%00%(upstream:remoteref) refs/heads/main refs/remotes/main [131ms]
2024-04-05 22:07:38.372 [warning] ENOENT: no such file or directory, open '/home/ubuntu/mini_pupper_bsp/.git/refs/remotes/origin/main'
2024-04-05 22:07:38.437 [info] > git check-ignore -v -z --stdin [247ms]
2024-04-05 22:07:38.467 [info] > git check-ignore -v -z --stdin [244ms]
2024-04-05 22:07:38.470 [info] > git check-ignore -v -z --stdin [219ms]
2024-04-05 22:07:38.471 [info] > git check-ignore -v -z --stdin [194ms]
2024-04-05 22:07:38.473 [info] > git check-ignore -v -z --stdin [168ms]
2024-04-05 22:07:38.474 [info] > git check-ignore -v -z --stdin [140ms]
2024-04-05 22:07:38.478 [info] > git merge-base refs/heads/master refs/remotes/origin/master [341ms]
2024-04-05 22:07:38.507 [info] > git config --get commit.template [414ms]
2024-04-05 22:07:38.508 [info] > git for-each-ref --format=%(refname)%00%(upstream:short)%00%(objectname)%00%(upstream:track)%00%(upstream:remotename)%00%(upstream:remoteref) refs/heads/mini_pupper refs/remotes/mini_pupper [445ms]
2024-04-05 22:07:38.538 [warning] ENOENT: no such file or directory, open '/home/ubuntu/StanfordQuadruped/.git/refs/remotes/origin/mini_pupper'
2024-04-05 22:07:38.553 [info] > git rev-list --count --left-right refs/heads/master...refs/remotes/origin/master [48ms]
2024-04-05 22:07:38.584 [info] > git config --get commit.template [172ms]
2024-04-05 22:07:38.585 [info] > git rev-parse refs/remotes/origin/main [212ms]
2024-04-05 22:07:38.653 [info] > git status -z -uall [41ms]
2024-04-05 22:07:38.654 [info] > git diff --name-status -z --diff-filter=ADMR 6737d6c6089146fb239f5cd03d8e3c5515344be1...refs/remotes/origin/master [71ms]
2024-04-05 22:07:38.656 [info] > git rev-parse refs/remotes/origin/mini_pupper [118ms]
2024-04-05 22:07:38.714 [info] > git for-each-ref --format=%(refname)%00%(upstream:short)%00%(objectname)%00%(upstream:track)%00%(upstream:remotename)%00%(upstream:remoteref) refs/heads/main refs/remotes/main [72ms]
2024-04-05 22:07:38.788 [warning] ENOENT: no such file or directory, open '/home/ubuntu/mini_pupper_web_controller/.git/refs/remotes/origin/main'
2024-04-05 22:07:38.825 [info] > git status -z -uall [144ms]
2024-04-05 22:07:38.826 [info] > git merge-base refs/heads/main refs/remotes/origin/main [80ms]
2024-04-05 22:07:38.854 [info] > git for-each-ref --format=%(refname)%00%(upstream:short)%00%(objectname)%00%(upstream:track)%00%(upstream:remotename)%00%(upstream:remoteref) refs/heads/master refs/remotes/master [143ms]
2024-04-05 22:07:38.898 [warning] ENOENT: no such file or directory, open '/home/ubuntu/UDPComms/.git/refs/remotes/origin/master'
2024-04-05 22:07:38.904 [info] > git rev-list --count --left-right refs/heads/main...refs/remotes/origin/main [51ms]
2024-04-05 22:07:38.935 [info] > git config --get commit.template [119ms]
2024-04-05 22:07:38.936 [info] > git rev-parse refs/remotes/origin/main [147ms]
2024-04-05 22:07:39.227 [info] > git status -z -uall [263ms]
2024-04-05 22:07:39.228 [info] > git check-ignore -v -z --stdin [234ms]
2024-04-05 22:07:39.229 [info] > git check-ignore -v -z --stdin [208ms]
2024-04-05 22:07:39.231 [info] > git check-ignore -v -z --stdin [183ms]
2024-04-05 22:07:39.233 [info] > git check-ignore -v -z --stdin [155ms]
2024-04-05 22:07:39.234 [info] > git check-ignore -v -z --stdin [129ms]
2024-04-05 22:07:39.235 [info] > git check-ignore -v -z --stdin [102ms]
2024-04-05 22:07:39.236 [info] > git check-ignore -v -z --stdin [75ms]
2024-04-05 22:07:39.284 [info] > git diff --name-status -z --diff-filter=ADMR 9bc10e3da75ef7142847de522837cee101899f26...refs/remotes/origin/main [351ms]
2024-04-05 22:07:39.286 [info] > git rev-parse refs/remotes/origin/master [389ms]
2024-04-05 22:07:39.375 [info] > git status -z -uall [63ms]
2024-04-05 22:07:39.376 [info] > git merge-base refs/heads/main refs/remotes/origin/main [107ms]
2024-04-05 22:07:39.419 [info] > git config --get commit.template [46ms]
2024-04-05 22:07:39.420 [info] > git for-each-ref --format=%(refname)%00%(upstream:short)%00%(objectname)%00%(upstream:track)%00%(upstream:remotename)%00%(upstream:remoteref) refs/heads/main refs/remotes/main [77ms]
2024-04-05 22:07:39.841 [warning] ENOENT: no such file or directory, open '/home/ubuntu/mini_pupper_bsp/.git/refs/remotes/origin/main'
2024-04-05 22:07:39.844 [info] > git rev-list --count --left-right refs/heads/main...refs/remotes/origin/main [439ms]
2024-04-05 22:07:40.040 [info] > git diff --name-status -z --diff-filter=ADMR abff76907388b7f46ea3146776929bd0f24a7b4c...refs/remotes/origin/main [167ms]
2024-04-05 22:07:40.041 [info] > git rev-parse refs/remotes/origin/main [201ms]
2024-04-05 22:07:40.075 [info] > git for-each-ref --format=%(refname)%00%(upstream:short)%00%(objectname)%00%(upstream:track)%00%(upstream:remotename)%00%(upstream:remoteref) refs/heads/main refs/remotes/main [69ms]
2024-04-05 22:07:40.101 [warning] ENOENT: no such file or directory, open '/home/ubuntu/mini_pupper_web_controller/.git/refs/remotes/origin/main'
2024-04-05 22:07:40.111 [info] > git status -z -uall [44ms]
2024-04-05 22:07:40.123 [info] > git rev-parse refs/remotes/origin/main [22ms]
2024-04-05 22:07:40.170 [info] > git status -z -uall [19ms]
2024-04-05 22:07:47.538 [info] > git merge-base refs/heads/main refs/remotes/origin/main [5619ms]
2024-04-05 22:07:47.679 [info] > git rev-list --count --left-right refs/heads/main...refs/remotes/origin/main [50ms]
2024-04-05 22:07:47.720 [info] > git config --get commit.template [186ms]
2024-04-05 22:07:47.769 [info] > git diff --name-status -z --diff-filter=ADMR 1485129b043a135a82118a26633107c353a44df7...refs/remotes/origin/main [50ms]
2024-04-05 22:07:47.795 [info] > git for-each-ref --format=%(refname)%00%(upstream:short)%00%(objectname)%00%(upstream:track)%00%(upstream:remotename)%00%(upstream:remoteref) refs/heads/main refs/remotes/main [30ms]
2024-04-05 22:07:53.600 [info] > git status -z -uall [5764ms] (cancelled)
