2024-04-05 22:02:21.046 [info] Extension host with pid 2553 started
2024-04-05 22:02:21.181 [info] ExtensionService#_doActivateExtension vscode.git-base, startup: true, activationEvent: '*'
2024-04-05 22:02:21.276 [info] Lock '/home/ubuntu/.vscode-server/data/User/workspaceStorage/d92f8f1d17a3e73b6046c083629a7176/vscode.lock': Lock acquired.
2024-04-05 22:02:21.381 [info] ExtensionService#_doActivateExtension vscode.github, startup: true, activationEvent: '*'
2024-04-05 22:02:21.923 [info] Eager extensions activated
2024-04-05 22:02:21.925 [info] ExtensionService#_doActivateExtension vscode.debug-auto-launch, startup: false, activationEvent: 'onStartupFinished'
2024-04-05 22:02:21.927 [info] ExtensionService#_doActivateExtension vscode.merge-conflict, startup: false, activationEvent: 'onStartupFinished'
2024-04-05 22:02:23.297 [info] ExtensionService#_doActivateExtension vscode.git, startup: false, activationEvent: 'api', root cause: vscode.github
2024-04-05 22:02:39.503 [info] ExtensionService#_doActivateExtension vscode.emmet, startup: false, activationEvent: 'onLanguage'
2024-04-05 22:03:33.321 [info] ExtensionService#_doActivateExtension formulahendry.code-runner, startup: false, activationEvent: 'onStartupFinished'
2024-04-05 22:03:43.217 [info] ExtensionService#_doActivateExtension ms-python.python, startup: false, activationEvent: 'onLanguage:python', root cause: ms-python.debugpy
2024-04-05 22:03:45.440 [info] ExtensionService#_doActivateExtension ms-python.debugpy, startup: false, activationEvent: 'onLanguage:python'
2024-04-05 22:03:45.443 [info] ExtensionService#_doActivateExtension ms-python.vscode-pylance, startup: false, activationEvent: 'onLanguage:python'
2024-04-05 22:04:36.080 [info] ExtensionService#_doActivateExtension vscode.npm, startup: false, activationEvent: 'onTerminalQuickFixRequest:ms-vscode.npm-command'
2024-04-05 22:12:28.930 [info] Extension host terminating: renderer disconnected for too long (2)
2024-04-05 22:12:28.937 [info] Lock '/home/ubuntu/.vscode-server/data/User/workspaceStorage/d92f8f1d17a3e73b6046c083629a7176/vscode.lock': Marking the lockfile as scheduled to be released in 6000 ms.
2024-04-05 22:12:29.096 [error] Canceled: Canceled
	at new O (/home/ubuntu/.vscode-server/cli/servers/Stable-5c3e652f63e798a5ac2f31ffd0d863669328dc4c/server/out/vs/workbench/api/node/extensionHostProcess.js:144:46998)
	at h.U (/home/ubuntu/.vscode-server/cli/servers/Stable-5c3e652f63e798a5ac2f31ffd0d863669328dc4c/server/out/vs/workbench/api/node/extensionHostProcess.js:151:5539)
	at F.<computed>.T.charCodeAt.F.<computed> (/home/ubuntu/.vscode-server/cli/servers/Stable-5c3e652f63e798a5ac2f31ffd0d863669328dc4c/server/out/vs/workbench/api/node/extensionHostProcess.js:151:2993)
	at d.g (/home/ubuntu/.vscode-server/cli/servers/Stable-5c3e652f63e798a5ac2f31ffd0d863669328dc4c/server/out/vs/workbench/api/node/extensionHostProcess.js:154:186335)
	at d.executeCommand (/home/ubuntu/.vscode-server/cli/servers/Stable-5c3e652f63e798a5ac2f31ffd0d863669328dc4c/server/out/vs/workbench/api/node/extensionHostProcess.js:154:185773)
	at E.registerCommand.description (/home/ubuntu/.vscode-server/cli/servers/Stable-5c3e652f63e798a5ac2f31ffd0d863669328dc4c/server/out/vs/workbench/api/node/extensionHostProcess.js:154:185097)
	at d.h (/home/ubuntu/.vscode-server/cli/servers/Stable-5c3e652f63e798a5ac2f31ffd0d863669328dc4c/server/out/vs/workbench/api/node/extensionHostProcess.js:154:186874)
	at d.g (/home/ubuntu/.vscode-server/cli/servers/Stable-5c3e652f63e798a5ac2f31ffd0d863669328dc4c/server/out/vs/workbench/api/node/extensionHostProcess.js:154:185866)
	at d.executeCommand (/home/ubuntu/.vscode-server/cli/servers/Stable-5c3e652f63e798a5ac2f31ffd0d863669328dc4c/server/out/vs/workbench/api/node/extensionHostProcess.js:154:185773)
	at Object.executeCommand (/home/ubuntu/.vscode-server/cli/servers/Stable-5c3e652f63e798a5ac2f31ffd0d863669328dc4c/server/out/vs/workbench/api/node/extensionHostProcess.js:164:22984)
	at a.O [as value] (/home/ubuntu/.vscode-server/cli/servers/Stable-5c3e652f63e798a5ac2f31ffd0d863669328dc4c/server/extensions/git/dist/main.js:2:945802)
	at s.y (/home/ubuntu/.vscode-server/cli/servers/Stable-5c3e652f63e798a5ac2f31ffd0d863669328dc4c/server/out/vs/workbench/api/node/extensionHostProcess.js:82:659)
	at s.z (/home/ubuntu/.vscode-server/cli/servers/Stable-5c3e652f63e798a5ac2f31ffd0d863669328dc4c/server/out/vs/workbench/api/node/extensionHostProcess.js:82:729)
	at s.fire (/home/ubuntu/.vscode-server/cli/servers/Stable-5c3e652f63e798a5ac2f31ffd0d863669328dc4c/server/out/vs/workbench/api/node/extensionHostProcess.js:82:945)
	at Object.m [as dispose] (/home/ubuntu/.vscode-server/cli/servers/Stable-5c3e652f63e798a5ac2f31ffd0d863669328dc4c/server/extensions/git/dist/main.js:2:964886)
	at /home/ubuntu/.vscode-server/cli/servers/Stable-5c3e652f63e798a5ac2f31ffd0d863669328dc4c/server/extensions/git/dist/main.js:2:970920
	at Array.forEach (<anonymous>)
	at f.dispose (/home/ubuntu/.vscode-server/cli/servers/Stable-5c3e652f63e798a5ac2f31ffd0d863669328dc4c/server/extensions/git/dist/main.js:2:970906)
	at o.<anonymous> (/home/ubuntu/.vscode-server/cli/servers/Stable-5c3e652f63e798a5ac2f31ffd0d863669328dc4c/server/out/vs/workbench/api/node/extensionHostProcess.js:152:3830)
	at o.dispose (/home/ubuntu/.vscode-server/cli/servers/Stable-5c3e652f63e798a5ac2f31ffd0d863669328dc4c/server/out/vs/workbench/api/node/extensionHostProcess.js:152:3927)
	at o.<anonymous> (/home/ubuntu/.vscode-server/cli/servers/Stable-5c3e652f63e798a5ac2f31ffd0d863669328dc4c/server/extensions/git/dist/main.js:2:948059)
	at o.dispose (/home/ubuntu/.vscode-server/cli/servers/Stable-5c3e652f63e798a5ac2f31ffd0d863669328dc4c/server/out/vs/workbench/api/node/extensionHostProcess.js:152:3927)
	at a (/home/ubuntu/.vscode-server/cli/servers/Stable-5c3e652f63e798a5ac2f31ffd0d863669328dc4c/server/out/vs/workbench/api/node/extensionHostProcess.js:30:714)
	at g.eb (/home/ubuntu/.vscode-server/cli/servers/Stable-5c3e652f63e798a5ac2f31ffd0d863669328dc4c/server/out/vs/workbench/api/node/extensionHostProcess.js:160:9967)
	at /home/ubuntu/.vscode-server/cli/servers/Stable-5c3e652f63e798a5ac2f31ffd0d863669328dc4c/server/out/vs/workbench/api/node/extensionHostProcess.js:160:7816
	at Array.map (<anonymous>)
	at g.$ (/home/ubuntu/.vscode-server/cli/servers/Stable-5c3e652f63e798a5ac2f31ffd0d863669328dc4c/server/out/vs/workbench/api/node/extensionHostProcess.js:160:7803)
	at g.terminate (/home/ubuntu/.vscode-server/cli/servers/Stable-5c3e652f63e798a5ac2f31ffd0d863669328dc4c/server/out/vs/workbench/api/node/extensionHostProcess.js:160:8077)
	at a.terminate (/home/ubuntu/.vscode-server/cli/servers/Stable-5c3e652f63e798a5ac2f31ffd0d863669328dc4c/server/out/vs/workbench/api/node/extensionHostProcess.js:164:1513)
	at t (/home/ubuntu/.vscode-server/cli/servers/Stable-5c3e652f63e798a5ac2f31ffd0d863669328dc4c/server/out/vs/workbench/api/node/extensionHostProcess.js:177:9917)
	at j.a (/home/ubuntu/.vscode-server/cli/servers/Stable-5c3e652f63e798a5ac2f31ffd0d863669328dc4c/server/out/vs/workbench/api/node/extensionHostProcess.js:177:6710)
	at j.h (/home/ubuntu/.vscode-server/cli/servers/Stable-5c3e652f63e798a5ac2f31ffd0d863669328dc4c/server/out/vs/workbench/api/node/extensionHostProcess.js:99:20622)
	at listOnTimeout (node:internal/timers:569:17)
	at process.processTimers (node:internal/timers:512:7) setContext undefined
2024-04-05 22:12:29.101 [error] Canceled: Canceled
	at new O (/home/ubuntu/.vscode-server/cli/servers/Stable-5c3e652f63e798a5ac2f31ffd0d863669328dc4c/server/out/vs/workbench/api/node/extensionHostProcess.js:144:46998)
	at h.U (/home/ubuntu/.vscode-server/cli/servers/Stable-5c3e652f63e798a5ac2f31ffd0d863669328dc4c/server/out/vs/workbench/api/node/extensionHostProcess.js:151:5539)
	at F.<computed>.T.charCodeAt.F.<computed> (/home/ubuntu/.vscode-server/cli/servers/Stable-5c3e652f63e798a5ac2f31ffd0d863669328dc4c/server/out/vs/workbench/api/node/extensionHostProcess.js:151:2993)
	at d.g (/home/ubuntu/.vscode-server/cli/servers/Stable-5c3e652f63e798a5ac2f31ffd0d863669328dc4c/server/out/vs/workbench/api/node/extensionHostProcess.js:154:186335)
	at d.executeCommand (/home/ubuntu/.vscode-server/cli/servers/Stable-5c3e652f63e798a5ac2f31ffd0d863669328dc4c/server/out/vs/workbench/api/node/extensionHostProcess.js:154:185773)
	at E.registerCommand.description (/home/ubuntu/.vscode-server/cli/servers/Stable-5c3e652f63e798a5ac2f31ffd0d863669328dc4c/server/out/vs/workbench/api/node/extensionHostProcess.js:154:185097)
	at d.h (/home/ubuntu/.vscode-server/cli/servers/Stable-5c3e652f63e798a5ac2f31ffd0d863669328dc4c/server/out/vs/workbench/api/node/extensionHostProcess.js:154:186874)
	at d.g (/home/ubuntu/.vscode-server/cli/servers/Stable-5c3e652f63e798a5ac2f31ffd0d863669328dc4c/server/out/vs/workbench/api/node/extensionHostProcess.js:154:185866)
	at d.executeCommand (/home/ubuntu/.vscode-server/cli/servers/Stable-5c3e652f63e798a5ac2f31ffd0d863669328dc4c/server/out/vs/workbench/api/node/extensionHostProcess.js:154:185773)
	at Object.executeCommand (/home/ubuntu/.vscode-server/cli/servers/Stable-5c3e652f63e798a5ac2f31ffd0d863669328dc4c/server/out/vs/workbench/api/node/extensionHostProcess.js:164:22984)
	at set hasGitHubRepositories [as hasGitHubRepositories] (/home/ubuntu/.vscode-server/cli/servers/Stable-5c3e652f63e798a5ac2f31ffd0d863669328dc4c/server/extensions/github/dist/extension.js:2:324866)
	at /home/ubuntu/.vscode-server/cli/servers/Stable-5c3e652f63e798a5ac2f31ffd0d863669328dc4c/server/extensions/github/dist/extension.js:2:325825
	at a.value (/home/ubuntu/.vscode-server/cli/servers/Stable-5c3e652f63e798a5ac2f31ffd0d863669328dc4c/server/extensions/git/dist/main.js:2:1051703)
	at s.y (/home/ubuntu/.vscode-server/cli/servers/Stable-5c3e652f63e798a5ac2f31ffd0d863669328dc4c/server/out/vs/workbench/api/node/extensionHostProcess.js:82:659)
	at s.z (/home/ubuntu/.vscode-server/cli/servers/Stable-5c3e652f63e798a5ac2f31ffd0d863669328dc4c/server/out/vs/workbench/api/node/extensionHostProcess.js:82:729)
	at s.fire (/home/ubuntu/.vscode-server/cli/servers/Stable-5c3e652f63e798a5ac2f31ffd0d863669328dc4c/server/out/vs/workbench/api/node/extensionHostProcess.js:82:945)
	at Object.m [as dispose] (/home/ubuntu/.vscode-server/cli/servers/Stable-5c3e652f63e798a5ac2f31ffd0d863669328dc4c/server/extensions/git/dist/main.js:2:964886)
	at /home/ubuntu/.vscode-server/cli/servers/Stable-5c3e652f63e798a5ac2f31ffd0d863669328dc4c/server/extensions/git/dist/main.js:2:970920
	at Array.forEach (<anonymous>)
	at f.dispose (/home/ubuntu/.vscode-server/cli/servers/Stable-5c3e652f63e798a5ac2f31ffd0d863669328dc4c/server/extensions/git/dist/main.js:2:970906)
	at o.<anonymous> (/home/ubuntu/.vscode-server/cli/servers/Stable-5c3e652f63e798a5ac2f31ffd0d863669328dc4c/server/out/vs/workbench/api/node/extensionHostProcess.js:152:3830)
	at o.dispose (/home/ubuntu/.vscode-server/cli/servers/Stable-5c3e652f63e798a5ac2f31ffd0d863669328dc4c/server/out/vs/workbench/api/node/extensionHostProcess.js:152:3927)
	at o.<anonymous> (/home/ubuntu/.vscode-server/cli/servers/Stable-5c3e652f63e798a5ac2f31ffd0d863669328dc4c/server/extensions/git/dist/main.js:2:948059)
	at o.dispose (/home/ubuntu/.vscode-server/cli/servers/Stable-5c3e652f63e798a5ac2f31ffd0d863669328dc4c/server/out/vs/workbench/api/node/extensionHostProcess.js:152:3927)
	at a (/home/ubuntu/.vscode-server/cli/servers/Stable-5c3e652f63e798a5ac2f31ffd0d863669328dc4c/server/out/vs/workbench/api/node/extensionHostProcess.js:30:714)
	at g.eb (/home/ubuntu/.vscode-server/cli/servers/Stable-5c3e652f63e798a5ac2f31ffd0d863669328dc4c/server/out/vs/workbench/api/node/extensionHostProcess.js:160:9967)
	at /home/ubuntu/.vscode-server/cli/servers/Stable-5c3e652f63e798a5ac2f31ffd0d863669328dc4c/server/out/vs/workbench/api/node/extensionHostProcess.js:160:7816
	at Array.map (<anonymous>)
	at g.$ (/home/ubuntu/.vscode-server/cli/servers/Stable-5c3e652f63e798a5ac2f31ffd0d863669328dc4c/server/out/vs/workbench/api/node/extensionHostProcess.js:160:7803)
	at g.terminate (/home/ubuntu/.vscode-server/cli/servers/Stable-5c3e652f63e798a5ac2f31ffd0d863669328dc4c/server/out/vs/workbench/api/node/extensionHostProcess.js:160:8077)
	at a.terminate (/home/ubuntu/.vscode-server/cli/servers/Stable-5c3e652f63e798a5ac2f31ffd0d863669328dc4c/server/out/vs/workbench/api/node/extensionHostProcess.js:164:1513)
	at t (/home/ubuntu/.vscode-server/cli/servers/Stable-5c3e652f63e798a5ac2f31ffd0d863669328dc4c/server/out/vs/workbench/api/node/extensionHostProcess.js:177:9917)
	at j.a (/home/ubuntu/.vscode-server/cli/servers/Stable-5c3e652f63e798a5ac2f31ffd0d863669328dc4c/server/out/vs/workbench/api/node/extensionHostProcess.js:177:6710)
	at j.h (/home/ubuntu/.vscode-server/cli/servers/Stable-5c3e652f63e798a5ac2f31ffd0d863669328dc4c/server/out/vs/workbench/api/node/extensionHostProcess.js:99:20622)
	at listOnTimeout (node:internal/timers:569:17)
	at process.processTimers (node:internal/timers:512:7) setContext undefined
2024-04-05 22:12:29.117 [info] Extension host with pid 2553 exiting with code 0
